=== Suite started at 2022-08-23 15:35:36
=== Starting test, 13 test cases
=cases         13
=user          iaroslav
=host          RSM3535
=hosts         RSM3535 
=emulator_vsn  10.6.4
=emulator      beam
=otp_release   22
=started       2022-08-23 15:35:36
=case          ct_framework:init_per_suite
=logfile       ct_framework.init_per_suite.html
=group_props   [{suite,test1_SUITE}]
=started       2022-08-23 15:35:36
=ended         2022-08-23 15:35:36
=result        ok
=elapsed       0.0
=case          test1_SUITE:demo_test
=logfile       test1_suite.demo_test.html
=started       2022-08-23 15:35:36
=ended         2022-08-23 15:35:36
=result        ok
=elapsed       0.001425
=case          test1_SUITE:temp_test
=logfile       test1_suite.temp_test.html
=started       2022-08-23 15:35:36
=ended         2022-08-23 15:35:36
=result        ok
=elapsed       5.29e-4
=case          test1_SUITE:mathStuff_test
=logfile       test1_suite.mathstuff_test.html
=started       2022-08-23 15:35:36
=ended         2022-08-23 15:35:36
=result        ok
=elapsed       6.18e-4
=case          test1_SUITE:lists1_test
=logfile       test1_suite.lists1_test.html
=started       2022-08-23 15:35:37
=ended         2022-08-23 15:35:37
=result        ok
=elapsed       5.48e-4
=case          test1_SUITE:time_test
=logfile       test1_suite.time_test.html
=started       2022-08-23 15:35:37
=ended         2022-08-23 15:35:37
=result        ok
=elapsed       5.79e-4
=case          test1_SUITE:two_proc_test
=logfile       test1_suite.two_proc_test.html
=started       2022-08-23 15:35:37
=ended         2022-08-23 15:35:38
=result        ok
=elapsed       1.002305
=case          test1_SUITE:ring_test
=logfile       test1_suite.ring_test.html
=started       2022-08-23 15:35:38
=ended         2022-08-23 15:35:39
=result        ok
=elapsed       1.002588
=case          test1_SUITE:star_test
=logfile       test1_suite.star_test.html
=started       2022-08-23 15:35:39
=ended         2022-08-23 15:35:40
=result        ok
=elapsed       1.002463
=case          test1_SUITE:ms_test
=logfile       test1_suite.ms_test.html
=started       2022-08-23 15:35:40
=ended         2022-08-23 15:35:46
=result        ok
=elapsed       6.008041
=case          test1_SUITE:two_proc_test_boundary
=logfile       test1_suite.two_proc_test_boundary.html
=started       2022-08-23 15:35:46
=ended         2022-08-23 15:35:47
=result        ok
=elapsed       1.002239
=case          test1_SUITE:ring_test_boundary
=logfile       test1_suite.ring_test_boundary.html
=started       2022-08-23 15:35:47
=ended         2022-08-23 15:35:48
=result        ok
=elapsed       1.001745
=case          test1_SUITE:star_test_boundary
=logfile       test1_suite.star_test_boundary.html
=started       2022-08-23 15:35:48
=ended         2022-08-23 15:35:49
=result        ok
=elapsed       1.001714
=case          test1_SUITE:ms_test_boundary
=logfile       test1_suite.ms_test_boundary.html
=started       2022-08-23 15:35:49
=ended         2022-08-23 15:35:53
=result        ok
=elapsed       4.004315
=case          ct_framework:end_per_suite
=logfile       ct_framework.end_per_suite.html
=group_props   [{suite,test1_SUITE}]
=started       2022-08-23 15:35:53
=ended         2022-08-23 15:35:53
=result        ok
=elapsed       0.0
=group_time    16.370s
=== TEST COMPLETE, 13 ok, 0 failed of 13 test cases

=finished      2022-08-23 15:35:53
=failed        0
=successful    13
=user_skipped  0
=auto_skipped  0
