=== Suite started at 2022-08-23 15:04:27
=== Starting test, 13 test cases
=cases         13
=user          iaroslav
=host          RSM3535
=hosts         RSM3535 
=emulator_vsn  10.6.4
=emulator      beam
=otp_release   22
=started       2022-08-23 15:04:27
=case          ct_framework:init_per_suite
=logfile       ct_framework.init_per_suite.html
=group_props   [{suite,test1_SUITE}]
=started       2022-08-23 15:04:27
=ended         2022-08-23 15:04:27
=result        ok
=elapsed       0.0
=case          test1_SUITE:demo_test
=logfile       test1_suite.demo_test.html
=started       2022-08-23 15:04:27
=ended         2022-08-23 15:04:27
=result        ok
=elapsed       0.001892
=case          test1_SUITE:temp_test
=logfile       test1_suite.temp_test.html
=started       2022-08-23 15:04:27
=ended         2022-08-23 15:04:27
=result        ok
=elapsed       6.14e-4
=case          test1_SUITE:mathStuff_test
=logfile       test1_suite.mathstuff_test.html
=started       2022-08-23 15:04:27
=ended         2022-08-23 15:04:27
=result        ok
=elapsed       6.07e-4
=case          test1_SUITE:lists1_test
=logfile       test1_suite.lists1_test.html
=started       2022-08-23 15:04:27
=ended         2022-08-23 15:04:27
=result        ok
=elapsed       7.41e-4
=case          test1_SUITE:time_test
=logfile       test1_suite.time_test.html
=started       2022-08-23 15:04:27
=ended         2022-08-23 15:04:27
=result        ok
=elapsed       5.9e-4
=case          test1_SUITE:two_proc_test
=logfile       test1_suite.two_proc_test.html
=started       2022-08-23 15:04:27
=ended         2022-08-23 15:04:28
=result        ok
=elapsed       1.002164
=case          test1_SUITE:ring_test
=logfile       test1_suite.ring_test.html
=started       2022-08-23 15:04:28
=ended         2022-08-23 15:04:29
=result        failed: {{assertEqual,[{module,test1_SUITE},
                                      {line,163},
                                      {expression,"is_process_alive ( Pid )"},
                                      {expected,false},
                                      {value,true}]},
                        [{test1_SUITE,'-ring_test_common/2-fun-2-',1,
                                      [{file,"test1_SUITE.erl"},{line,163}]},
                         {lists,foreach,2,[{file,"lists.erl"},{line,1338}]},
                         {test1_SUITE,ring_test_common,2,
                                      [{file,"test1_SUITE.erl"},{line,162}]},
                         {test1_SUITE,ring_test,1,
                                      [{file,"test1_SUITE.erl"},{line,125}]},
                         {test_server,ts_tc,3,
                                      [{file,"test_server.erl"},{line,1754}]},
                         {test_server,run_test_case_eval1,6,
                                      [{file,"test_server.erl"},{line,1263}]},
                         {test_server,run_test_case_eval,9,
                                      [{file,"test_server.erl"},
                                       {line,1195}]}]}, [{test1_SUITE,
                                                          '-ring_test_common/2-fun-2-',
                                                          163},
                                                         {lists,foreach,1338},
                                                         {test1_SUITE,
                                                          ring_test_common,
                                                          162},
                                                         {test1_SUITE,
                                                          ring_test,125},
                                                         {test_server,ts_tc,
                                                          1754},
                                                         {test_server,
                                                          run_test_case_eval1,
                                                          1263},
                                                         {test_server,
                                                          run_test_case_eval,
                                                          1195}]
=== *** FAILED test case 7 of 13 ***
=case          test1_SUITE:star_test
=logfile       test1_suite.star_test.html
=started       2022-08-23 15:04:29
=ended         2022-08-23 15:04:31
=result        ok
=elapsed       1.002629
=case          test1_SUITE:ms_test
=logfile       test1_suite.ms_test.html
=started       2022-08-23 15:04:31
=ended         2022-08-23 15:04:37
=result        ok
=elapsed       6.007196
=case          test1_SUITE:two_proc_test_boundary
=logfile       test1_suite.two_proc_test_boundary.html
=started       2022-08-23 15:04:37
=ended         2022-08-23 15:04:38
=result        ok
=elapsed       1.001523
=case          test1_SUITE:ring_test_boundary
=logfile       test1_suite.ring_test_boundary.html
=started       2022-08-23 15:04:38
=ended         2022-08-23 15:04:39
=result        ok
=elapsed       1.001851
=case          test1_SUITE:star_test_boundary
=logfile       test1_suite.star_test_boundary.html
=started       2022-08-23 15:04:39
=ended         2022-08-23 15:04:40
=result        ok
=elapsed       1.001675
=case          test1_SUITE:ms_test_boundary
=logfile       test1_suite.ms_test_boundary.html
=started       2022-08-23 15:04:40
=ended         2022-08-23 15:04:44
=result        ok
=elapsed       4.005063
=case          ct_framework:end_per_suite
=logfile       ct_framework.end_per_suite.html
=group_props   [{suite,test1_SUITE}]
=started       2022-08-23 15:04:44
=ended         2022-08-23 15:04:44
=result        ok
=elapsed       0.0
=group_time    16.382s
=== TEST COMPLETE, 12 ok, 1 failed of 13 test cases

=finished      2022-08-23 15:04:44
=failed        1
=successful    12
=user_skipped  0
=auto_skipped  0
