=== Suite started at 2022-08-24 14:05:55
=== Starting test, 13 test cases
=cases         13
=user          iaroslav
=host          RSM3535
=hosts         RSM3535 
=emulator_vsn  10.6.4
=emulator      beam
=otp_release   22
=started       2022-08-24 14:05:55
=case          ct_framework:init_per_suite
=logfile       ct_framework.init_per_suite.html
=group_props   [{suite,test1_SUITE}]
=started       2022-08-24 14:05:55
=ended         2022-08-24 14:05:55
=result        ok
=elapsed       1.0e-6
=case          test1_SUITE:demo_test
=logfile       test1_suite.demo_test.html
=started       2022-08-24 14:05:55
=ended         2022-08-24 14:05:55
=result        ok
=elapsed       0.002933
=case          test1_SUITE:temp_test
=logfile       test1_suite.temp_test.html
=started       2022-08-24 14:05:55
=ended         2022-08-24 14:05:55
=result        ok
=elapsed       0.00159
=case          test1_SUITE:mathStuff_test
=logfile       test1_suite.mathstuff_test.html
=started       2022-08-24 14:05:55
=ended         2022-08-24 14:05:55
=result        ok
=elapsed       0.001142
=case          test1_SUITE:lists1_test
=logfile       test1_suite.lists1_test.html
=started       2022-08-24 14:05:55
=ended         2022-08-24 14:05:55
=result        ok
=elapsed       0.001518
=case          test1_SUITE:time_test
=logfile       test1_suite.time_test.html
=started       2022-08-24 14:05:55
=ended         2022-08-24 14:05:55
=result        ok
=elapsed       0.001498
=case          test1_SUITE:two_proc_test
=logfile       test1_suite.two_proc_test.html
=started       2022-08-24 14:05:55
=ended         2022-08-24 14:05:56
=result        ok
=elapsed       1.001895
=case          test1_SUITE:ring_test
=logfile       test1_suite.ring_test.html
=started       2022-08-24 14:05:56
=ended         2022-08-24 14:05:57
=result        ok
=elapsed       1.004514
=case          test1_SUITE:star_test
=logfile       test1_suite.star_test.html
=started       2022-08-24 14:05:57
=ended         2022-08-24 14:05:58
=result        ok
=elapsed       1.002858
=case          test1_SUITE:ms_test
=logfile       test1_suite.ms_test.html
=started       2022-08-24 14:05:58
=ended         2022-08-24 14:06:04
=result        ok
=elapsed       6.010807
=case          test1_SUITE:two_proc_test_boundary
=logfile       test1_suite.two_proc_test_boundary.html
=started       2022-08-24 14:06:04
=ended         2022-08-24 14:06:05
=result        ok
=elapsed       1.002499
=case          test1_SUITE:ring_test_boundary
=logfile       test1_suite.ring_test_boundary.html
=started       2022-08-24 14:06:05
=ended         2022-08-24 14:06:06
=result        ok
=elapsed       1.003005
=case          test1_SUITE:star_test_boundary
=logfile       test1_suite.star_test_boundary.html
=started       2022-08-24 14:06:06
=ended         2022-08-24 14:06:08
=result        ok
=elapsed       1.002675
=case          test1_SUITE:ms_test_boundary
=logfile       test1_suite.ms_test_boundary.html
=started       2022-08-24 14:06:08
=ended         2022-08-24 14:06:12
=result        ok
=elapsed       4.005642
=case          ct_framework:end_per_suite
=logfile       ct_framework.end_per_suite.html
=group_props   [{suite,test1_SUITE}]
=started       2022-08-24 14:06:12
=ended         2022-08-24 14:06:12
=result        ok
=elapsed       1.0e-6
=group_time    16.416s
=== TEST COMPLETE, 13 ok, 0 failed of 13 test cases

=finished      2022-08-24 14:06:12
=failed        0
=successful    13
=user_skipped  0
=auto_skipped  0
