=== Suite started at 2022-08-26 17:43:49
=== Starting test, 0 test cases
=cases         0
=user          yaroslav
=host          yaroslav-VirtualBox
=hosts         yaroslav-VirtualBox 
=emulator_vsn  12.2.1
=emulator      beam
=otp_release   24
=started       2022-08-26 17:43:49
=case          ct_framework:error_in_suite
=logfile       ct_framework.error_in_suite.html
=started       2022-08-26 17:43:49
=ended         2022-08-26 17:43:49
=result        failed: 'test1_SUITE cannot be compiled or loaded', unknown_location
=== *** FAILED {ct_framework,error_in_suite} ***
=== TEST COMPLETE, 0 ok, 0 failed of 0 test cases

=finished      2022-08-26 17:43:49
=failed        0
=successful    0
=user_skipped  0
=auto_skipped  0
